----------------------------------------------------------------
Sat Apr 24 18:57:48 IST 2021:
Booting Derby version The Apache Software Foundation - Apache Derby - 10.14.2.0 - (1828579): instance a816c00e-0179-0410-9b25-00000a526c98 
on database directory memory:G:\Imteyaj Folder\CustomisedMSTraining\ust-product-app-derby\306a4e40-395b-44de-944e-d24fd6d2c2b8 with class loader sun.misc.Launcher$AppClassLoader@764c12b6 
Loaded from file:/C:/Users/shamshad/.m2/repository/org/apache/derby/derby/10.14.2.0/derby-10.14.2.0.jar
java.vendor=Oracle Corporation
java.runtime.version=1.8.0_271-b09
user.dir=G:\Imteyaj Folder\CustomisedMSTraining\ust-product-app-derby
os.name=Windows 10
os.arch=amd64
os.version=10.0
derby.system.home=null
Database Class Loader started - derby.database.classpath=''
----------------------------------------------------------------
Sat Apr 24 18:59:16 IST 2021:
Shutting down instance a816c00e-0179-0410-9b25-00000a526c98 on database directory memory:G:\Imteyaj Folder\CustomisedMSTraining\ust-product-app-derby\306a4e40-395b-44de-944e-d24fd6d2c2b8 with class loader sun.misc.Launcher$AppClassLoader@764c12b6 
----------------------------------------------------------------
Sat Apr 24 18:59:18 IST 2021:
Booting Derby version The Apache Software Foundation - Apache Derby - 10.14.2.0 - (1828579): instance 292a80bc-0179-0410-9b25-00000a526c98 
on database directory memory:G:\Imteyaj Folder\CustomisedMSTraining\ust-product-app-derby\6c1f81c0-74ef-49cb-8a7a-aee2b5c34303 with class loader sun.misc.Launcher$AppClassLoader@764c12b6 
Loaded from file:/C:/Users/shamshad/.m2/repository/org/apache/derby/derby/10.14.2.0/derby-10.14.2.0.jar
java.vendor=Oracle Corporation
java.runtime.version=1.8.0_271-b09
user.dir=G:\Imteyaj Folder\CustomisedMSTraining\ust-product-app-derby
os.name=Windows 10
os.arch=amd64
os.version=10.0
derby.system.home=null
Database Class Loader started - derby.database.classpath=''
----------------------------------------------------------------
Sat Apr 24 19:01:48 IST 2021:
Shutting down instance 292a80bc-0179-0410-9b25-00000a526c98 on database directory memory:G:\Imteyaj Folder\CustomisedMSTraining\ust-product-app-derby\6c1f81c0-74ef-49cb-8a7a-aee2b5c34303 with class loader sun.misc.Launcher$AppClassLoader@764c12b6 
----------------------------------------------------------------
Sat Apr 24 19:01:50 IST 2021:
Booting Derby version The Apache Software Foundation - Apache Derby - 10.14.2.0 - (1828579): instance 87cf416a-0179-0410-9b25-00000a526c98 
on database directory memory:G:\Imteyaj Folder\CustomisedMSTraining\ust-product-app-derby\8073326e-701c-4f73-8486-87a5241d7ebc with class loader sun.misc.Launcher$AppClassLoader@764c12b6 
Loaded from file:/C:/Users/shamshad/.m2/repository/org/apache/derby/derby/10.14.2.0/derby-10.14.2.0.jar
java.vendor=Oracle Corporation
java.runtime.version=1.8.0_271-b09
user.dir=G:\Imteyaj Folder\CustomisedMSTraining\ust-product-app-derby
os.name=Windows 10
os.arch=amd64
os.version=10.0
derby.system.home=null
Database Class Loader started - derby.database.classpath=''
----------------------------------------------------------------
Sat Apr 24 19:02:24 IST 2021:
Shutting down instance 87cf416a-0179-0410-9b25-00000a526c98 on database directory memory:G:\Imteyaj Folder\CustomisedMSTraining\ust-product-app-derby\8073326e-701c-4f73-8486-87a5241d7ebc with class loader sun.misc.Launcher$AppClassLoader@764c12b6 
----------------------------------------------------------------
Sat Apr 24 19:02:25 IST 2021:
Booting Derby version The Apache Software Foundation - Apache Derby - 10.14.2.0 - (1828579): instance 5511421a-0179-0410-9b25-00000a526c98 
on database directory memory:G:\Imteyaj Folder\CustomisedMSTraining\ust-product-app-derby\2d7a5598-67ac-4378-90fc-216e13638c43 with class loader sun.misc.Launcher$AppClassLoader@764c12b6 
Loaded from file:/C:/Users/shamshad/.m2/repository/org/apache/derby/derby/10.14.2.0/derby-10.14.2.0.jar
java.vendor=Oracle Corporation
java.runtime.version=1.8.0_271-b09
user.dir=G:\Imteyaj Folder\CustomisedMSTraining\ust-product-app-derby
os.name=Windows 10
os.arch=amd64
os.version=10.0
derby.system.home=null
Database Class Loader started - derby.database.classpath=''
----------------------------------------------------------------
Sat Apr 24 20:44:23 IST 2021:
Shutting down instance 5511421a-0179-0410-9b25-00000a526c98 on database directory memory:G:\Imteyaj Folder\CustomisedMSTraining\ust-product-app-derby\2d7a5598-67ac-4378-90fc-216e13638c43 with class loader sun.misc.Launcher$AppClassLoader@764c12b6 
